<?xml version="1.0" encoding="UTF-8"?>
<coverage generated="1774620455791" clover="3.2.0">
  <project timestamp="1774620455791" name="All files">
    <metrics statements="30" coveredstatements="30" conditionals="14" coveredconditionals="13" methods="9" coveredmethods="9" elements="53" coveredelements="52" complexity="0" loc="30" ncloc="30" packages="1" files="4" classes="4"/>
    <file name="App.js" path="/home/runner/work/Metabuscador/Metabuscador/frontend/src/App.js">
      <metrics statements="15" coveredstatements="15" conditionals="6" coveredconditionals="5" methods="2" coveredmethods="2"/>
      <line num="7" count="20" type="stmt"/>
      <line num="8" count="20" type="stmt"/>
      <line num="9" count="20" type="stmt"/>
      <line num="10" count="20" type="stmt"/>
      <line num="12" count="20" type="stmt"/>
      <line num="13" count="4" type="cond" truecount="3" falsecount="1"/>
      <line num="15" count="4" type="stmt"/>
      <line num="16" count="4" type="stmt"/>
      <line num="18" count="4" type="stmt"/>
      <line num="19" count="4" type="stmt"/>
      <line num="20" count="3" type="stmt"/>
      <line num="21" count="3" type="stmt"/>
      <line num="23" count="1" type="stmt"/>
      <line num="25" count="4" type="stmt"/>
      <line num="29" count="20" type="stmt"/>
    </file>
    <file name="ProfileSelector.js" path="/home/runner/work/Metabuscador/Metabuscador/frontend/src/ProfileSelector.js">
      <metrics statements="2" coveredstatements="2" conditionals="0" coveredconditionals="0" methods="2" coveredmethods="2"/>
      <line num="4" count="25" type="stmt"/>
      <line num="11" count="3" type="stmt"/>
    </file>
    <file name="Results.js" path="/home/runner/work/Metabuscador/Metabuscador/frontend/src/Results.js">
      <metrics statements="6" coveredstatements="6" conditionals="6" coveredconditionals="6" methods="2" coveredmethods="2"/>
      <line num="4" count="29" type="cond" truecount="2" falsecount="0"/>
      <line num="5" count="6" type="stmt"/>
      <line num="8" count="23" type="cond" truecount="4" falsecount="0"/>
      <line num="9" count="17" type="stmt"/>
      <line num="12" count="6" type="stmt"/>
      <line num="15" count="11" type="stmt"/>
    </file>
    <file name="SearchBar.js" path="/home/runner/work/Metabuscador/Metabuscador/frontend/src/SearchBar.js">
      <metrics statements="7" coveredstatements="7" conditionals="2" coveredconditionals="2" methods="3" coveredmethods="3"/>
      <line num="4" count="59" type="stmt"/>
      <line num="6" count="59" type="stmt"/>
      <line num="7" count="8" type="stmt"/>
      <line num="8" count="8" type="cond" truecount="2" falsecount="0"/>
      <line num="9" count="5" type="stmt"/>
      <line num="13" count="59" type="stmt"/>
      <line num="20" count="31" type="stmt"/>
    </file>
  </project>
</coverage>
