TN:
SF:src/App.js
FN:6,App
FN:12,(anonymous_1)
FNF:2
FNH:2
FNDA:20,App
FNDA:4,(anonymous_1)
DA:7,20
DA:8,20
DA:9,20
DA:10,20
DA:12,20
DA:13,4
DA:15,4
DA:16,4
DA:18,4
DA:19,4
DA:20,3
DA:21,3
DA:23,1
DA:25,4
DA:29,20
LF:15
LH:15
BRDA:13,0,0,0
BRDA:13,0,1,4
BRDA:13,1,0,4
BRDA:13,1,1,4
BRDA:34,2,0,20
BRDA:34,2,1,1
BRF:6
BRH:5
end_of_record
TN:
SF:src/ProfileSelector.js
FN:3,ProfileSelector
FN:11,(anonymous_1)
FNF:2
FNH:2
FNDA:25,ProfileSelector
FNDA:3,(anonymous_1)
DA:4,25
DA:11,3
LF:2
LH:2
BRF:0
BRH:0
end_of_record
TN:
SF:src/Results.js
FN:3,Results
FN:14,(anonymous_1)
FNF:2
FNH:2
FNDA:29,Results
FNDA:11,(anonymous_1)
DA:4,29
DA:5,6
DA:8,23
DA:9,17
DA:12,6
DA:15,11
LF:6
LH:6
BRDA:4,0,0,6
BRDA:4,0,1,23
BRDA:8,1,0,17
BRDA:8,1,1,6
BRDA:8,2,0,23
BRDA:8,2,1,22
BRF:6
BRH:6
end_of_record
TN:
SF:src/SearchBar.js
FN:3,SearchBar
FN:6,(anonymous_1)
FN:20,(anonymous_2)
FNF:3
FNH:3
FNDA:59,SearchBar
FNDA:8,(anonymous_1)
FNDA:31,(anonymous_2)
DA:4,59
DA:6,59
DA:7,8
DA:8,8
DA:9,5
DA:13,59
DA:20,31
LF:7
LH:7
BRDA:8,0,0,5
BRDA:8,0,1,3
BRF:2
BRH:2
end_of_record
